<?xml version="1.0" encoding="UTF-8"?>
<!-- Generated by org.testng.reporters.JUnitXMLReporter -->
<testsuite ignored="0" hostname="HP" failures="1" tests="1" name="Firefox Test" time="17.714" errors="0" timestamp="2022-08-07T12:34:40 IST">
  <testcase classname="TestPackage.TestClass" name="demo" time="17.371">
    <failure type="io.github.bonigarcia.wdm.config.WebDriverManagerException" message="There was an error creating WebDriver object for Firefox">
      <![CDATA[io.github.bonigarcia.wdm.config.WebDriverManagerException: There was an error creating WebDriver object for Firefox
at io.github.bonigarcia.wdm.WebDriverManager.instantiateDriver(WebDriverManager.java:1767)
at io.github.bonigarcia.wdm.WebDriverManager.create(WebDriverManager.java:423)
at TestPackage.TestClass.demo(TestClass.java:27)
at java.base/java.util.ArrayList.forEach(ArrayList.java:1511)
at java.base/java.util.concurrent.FutureTask.run(FutureTask.java:264)
at java.base/java.util.concurrent.ThreadPoolExecutor.runWorker(ThreadPoolExecutor.java:1136)
at java.base/java.util.concurrent.ThreadPoolExecutor$Worker.run(ThreadPoolExecutor.java:635)
at java.base/java.lang.Thread.run(Thread.java:833)
at io.github.bonigarcia.wdm.webdriver.WebDriverCreator.createLocalWebDriver(WebDriverCreator.java:64)
at io.github.bonigarcia.wdm.WebDriverManager.createLocalWebDriver(WebDriverManager.java:1941)
at io.github.bonigarcia.wdm.WebDriverManager.instantiateDriver(WebDriverManager.java:1757)
... 23 more
Caused by: org.openqa.selenium.SessionNotCreatedException: Could not start a new session. Possible causes are invalid address of the remote server or browser start-up failure.
at org.openqa.selenium.remote.RemoteWebDriver.execute(RemoteWebDriver.java:587)
at org.openqa.selenium.remote.RemoteWebDriver.startSession(RemoteWebDriver.java:264)
at org.openqa.selenium.remote.RemoteWebDriver.<init>(RemoteWebDriver.java:179)
at org.openqa.selenium.firefox.FirefoxDriver.<init>(FirefoxDriver.java:110)
at org.openqa.selenium.firefox.FirefoxDriver.<init>(FirefoxDriver.java:98)
at org.openqa.selenium.firefox.FirefoxDriver.<init>(FirefoxDriver.java:94)
... 28 more
Caused by: org.openqa.selenium.WebDriverException: Driver server process died prematurely.
Build info: version: '4.3.0', revision: 'a4995e2c09*'
System info: host: 'HP', ip: '192.168.1.6', os.name: 'Windows 8.1', os.arch: 'amd64', os.version: '6.3', java.version: '18.0.1'
Driver info: driver.version: FirefoxDriver
at org.openqa.selenium.remote.service.DriverService.start(DriverService.java:226)
at org.openqa.selenium.remote.service.DriverCommandExecutor.execute(DriverCommandExecutor.java:98)
at org.openqa.selenium.remote.RemoteWebDriver.execute(RemoteWebDriver.java:569)
... 34 more
... Removed 21 stack frames]]>
    </failure>
  </testcase> <!-- demo -->
</testsuite> <!-- Firefox Test -->
