<?xml version="1.0" encoding="UTF-8"?>
<testng-results ignored="0" total="1" passed="1" failed="0" skipped="0">
  <reporter-output>
  </reporter-output>
  <suite started-at="2022-08-11T09:31:49 IST" name="Default suite" finished-at="2022-08-11T09:31:49 IST" duration-ms="112">
    <groups>
    </groups>
    <test started-at="2022-08-11T09:31:49 IST" name="Default test" finished-at="2022-08-11T09:31:49 IST" duration-ms="112">
      <class name="TestPackage.TestClass">
        <test-method signature="remoteDriver()[pri:0, instance:TestPackage.TestClass@5fbdfdcf]" started-at="2022-08-11T09:31:49 IST" name="remoteDriver" finished-at="2022-08-11T09:31:49 IST" duration-ms="29" status="PASS">
          <reporter-output>
          </reporter-output>
        </test-method> <!-- remoteDriver -->
      </class> <!-- TestPackage.TestClass -->
    </test> <!-- Default test -->
  </suite> <!-- Default suite -->
</testng-results>
